

Wed  8 Jan 17:25:33 IST 2020 - Find docker image for your project with id 122b2ec20a1e
Wed  8 Jan 17:25:33 IST 2020 - Removing docker image for your project with id 122b2ec20a1e
Wed  8 Jan 17:25:33 IST 2020 - Deleting docker image with result is 0
Wed  8 Jan 17:32:24 IST 2020 - Find docker image for your project with id 
Wed  8 Jan 17:32:24 IST 2020 - Removing docker image for your project with id 
Wed  8 Jan 17:32:24 IST 2020 - Deleting docker image with result is 0
Wed  8 Jan 17:32:40 IST 2020 - Find docker image for your project with id 
Wed  8 Jan 17:32:40 IST 2020 - Removing docker image for your project with id 
Wed  8 Jan 17:32:40 IST 2020 - Deleting docker image with result is 0
Wed  8 Jan 17:32:59 IST 2020 - Find docker image for your project with id 
Wed  8 Jan 17:32:59 IST 2020 - Removing docker image for your project with id 
Wed  8 Jan 17:32:59 IST 2020 - Deleting docker image with result is 0
Wed  8 Jan 17:33:19 IST 2020 - Find docker image for your project with id 
Wed  8 Jan 17:33:19 IST 2020 - Removing docker image for your project with id 
Wed  8 Jan 17:33:19 IST 2020 - Deleting docker image with result is 0
Wed  8 Jan 17:34:46 IST 2020 - Find docker image for your project with id f5d1bd503dd5
Wed  8 Jan 17:34:46 IST 2020 - Removing docker image for your project with id f5d1bd503dd5
Wed  8 Jan 17:34:46 IST 2020 - Deleting docker image with result is 0
Wed  8 Jan 17:39:53 IST 2020 - Find docker image for your project with id 0a67c81b9fb6
Wed  8 Jan 17:39:53 IST 2020 - Removing docker image for your project with id 0a67c81b9fb6
Wed  8 Jan 17:39:53 IST 2020 - Deleting docker image with result is 0
Wed  8 Jan 17:55:46 IST 2020 - Find docker image for your project with id 7c8a9286e4fd
Wed  8 Jan 17:55:46 IST 2020 - Removing docker image for your project with id 7c8a9286e4fd
Wed  8 Jan 17:55:46 IST 2020 - Deleting docker image with result is 0
Wed  8 Jan 17:58:01 IST 2020 - Find docker image for your project with id 50a184d0c6b8
Wed  8 Jan 17:58:01 IST 2020 - Removing docker image for your project with id 50a184d0c6b8
Wed  8 Jan 17:58:02 IST 2020 - Deleting docker image with result is 0
